Using config file run1\config.xml ... 
0
dc? 0
User parameters in XML config file: 
Bool parameters:: 
use_single_infected_cell: 0 [none]
initial_condition_small_tissue: 0 [none]
initial_condition_large_tissue: 0 [none]
initial_condition_large_tissue_bronchiole: 1 [none]

Int parameters:: 
random_seed: 0 [dimensionless]
immune_dt: 10 [min]
Number_of_virion_arrival_points: 5 [virions]
number_of_CD8_Tcells: 0 [none]
number_of_macrophages: 640 [none]
number_of_neutrophils: 0 [none]
number_of_DCs: 1798 [cells]
number_of_CD4_Tcells: 0 [none]
virions_needed_for_DC_activation: 10 [virions]

Double parameters:: 
div_immune: 0 [dimensionless]
immune_z_offset: 0 [micron]
CD8_max_recruitment_rate: 4e-009 [cells/min/micron^3]
CD8_recruitment_min_signal: 0.2 [substrate/micron^3]
CD8_recruitment_saturation_signal: 0.4 [substrate/micron^3]
macrophage_max_recruitment_rate: 4e-009 [cells/min/micron^3]
macrophage_recruitment_min_signal: 0.1 [substrate/micron^3]
macrophage_recruitment_saturation_signal: 0.3 [substrate/micron^3]
neutrophil_max_recruitment_rate: 4e-009 [cells/min/micron^3]
neutrophil_recruitment_min_signal: 0.1 [substrate/micron^3]
neutrophil_recruitment_saturation_signal: 0.3 [substrate/micron^3]
div_initialization: 0 [dimensionless]
multiplicity_of_infection: 0.01 [none]
virus_fraction_released_at_death: 0 [none]
DC_induced_CD8_proliferation: 0.00208 [cells/min/micron^3]
DC_induced_CD8_attachment: 0.6 [cells/min/micron^3]
departure_rate_of_DCs: 0.001 [cells/min/micron^3]
epsilon_distance: 1.75 [dimensionless]
perecentage_tissue_vascularized: 8.8 [percentage]
div_colors: 0 [dimensionless]
epithelial_opacity: 0.65 [dimensionless]
non_epithelial_opacity: 0.8 [dimensionless]
gamma: 0.05 [cells]
u_Evirus: 0.0001 [cells]
rho_half: 0.125 [cells]
IC_50_IFN: 60 [cells]
IFN_secretion_rate: 0.01 [cells]
phagocytes_virus_uptake_rate: 0.0018 [none]
ROS_secretion_rate: 9.977 [none]
epsilon_ROS: 1 [none]
Infection_detection_threshold: 10 [none]
epithelial_cell_proliferation_rate: 0.0005167 [none]
virus_fraction_released_after_apoptosis: 0 [none]
carrying_capacity: 2800 [cells]
pressure_threshold: 6.98 [dimensionless]
kAtthi: 0.0013 [1/site/min]
kAttlo: 7.5833e-006 [1/site/min]
kEqhi: 0.0113 [1/site]
kEqlo: 8.33e-005 [1/site]
kEn: 0.08 [1/min]
Btothi: 150 [sites]
Btotlo: 1000 [sites]
FFus: 0.51 [dimensionless]
kFus: 0.0535 [1/min]
gamnuc: 0.0232 [1/min]
alpha: 10000 [virions]
v_rep: 10 [virions]
mhalf: 10 [virions]
rhomax: 100 [virions]
uEvirus: 7.5833e-006 [1/min]
kRel: 6.1667e-005 [virions/min]
tau_rel: 6.1667e-005 [virions/min]
tau_IFN: 2880 [virions/min]

String parameters:: 
color_variable: Vnuc [dimensionless]
apoptotic_epithelium_color: black [none]
apoptotic_immune_color: rosybrown [dimensionless]
CD8_Tcell_color: red [cells]
CD4_Tcell_color: orange [none]
Macrophage_color: rgb(35,139,69) [none]
activated_macrophage_color: lime [none]
exhausted_macrophage_color: rgb(116,196,118) [none]
hyperactivated_macrophage_color: rgb(168,221,181) [none]
Neutrophil_color: cyan [dimensionless]
DC_color: rgb(129,15,124) [none]
activated_DC_color: deeppink [none]


which boundaries?
0 0 0 0 0 0

Microenvironment summary: microenvironment: 

Mesh information: 
type: uniform Cartesian
Domain: [-4000,4000] micron x [-2500,2500] micron x [-10,10] micron
   resolution: dx = 20 micron
   voxels: 100000
   voxel faces: 0
   volume: 8e+008 cubic micron
Densities: (7 total)
   virion:
     units: copies/micron^3
     diffusion coefficient: 1500 micron^2 / min
     decay rate: 0 min^-1
     diffusion length scale: 3.87298e+007 micron
     initial condition: 0 copies/micron^3
     boundary condition: 0 copies/micron^3 (enabled: false)
   interferon 1:
     units: mol/micron^3
     diffusion coefficient: 750 micron^2 / min
     decay rate: 0.0058 min^-1
     diffusion length scale: 359.597 micron
     initial condition: 0 mol/micron^3
     boundary condition: 0 mol/micron^3 (enabled: false)
   pro-inflammatory cytokine:
     units: mol/micron^3
     diffusion coefficient: 555.56 micron^2 / min
     decay rate: 0.0102 min^-1
     diffusion length scale: 233.381 micron
     initial condition: 0 mol/micron^3
     boundary condition: 0 mol/micron^3 (enabled: false)
   chemokine:
     units: mol/micron^3
     diffusion coefficient: 555.56 micron^2 / min
     decay rate: 0.0102 min^-1
     diffusion length scale: 233.381 micron
     initial condition: 0 mol/micron^3
     boundary condition: 0 mol/micron^3 (enabled: false)
   debris:
     units: mol/micron^3
     diffusion coefficient: 555.56 micron^2 / min
     decay rate: 0.0102 min^-1
     diffusion length scale: 233.381 micron
     initial condition: 0 mol/micron^3
     boundary condition: 0 mol/micron^3 (enabled: false)
   ROS:
     units: mol/micron^3
     diffusion coefficient: 2220 micron^2 / min
     decay rate: 60 min^-1
     diffusion length scale: 6.08276 micron
     initial condition: 0 mol/micron^3
     boundary condition: 0 mol/micron^3 (enabled: false)
   VTEST:
     units: virions/micron^3
     diffusion coefficient: 5 micron^2 / min
     decay rate: 0.039 min^-1
     diffusion length scale: 11.3228 micron
     initial condition: 0 virions/micron^3
     boundary condition: 0 virions/micron^3 (enabled: false)

Processing default ... 
Note: setting cell definition to 2D based on microenvironment domain settings ... 
Note: Overriding to set cell motility to 2D based on microenvironment domain settings ... 
1 * grad( chemokine )
Processing lung epithelium ... 
	Inheriting from type default ... 
Note: setting cell definition to 2D based on microenvironment domain settings ... 
Note: Overriding to set cell motility to 2D based on microenvironment domain settings ... 
Processing immune ... 
	Inheriting from type default ... 
Note: setting cell definition to 2D based on microenvironment domain settings ... 
Note: Overriding to set cell motility to 2D based on microenvironment domain settings ... 
1 * grad( chemokine )
Processing CD8 Tcell ... 
	Inheriting from type immune ... 
Note: setting cell definition to 2D based on microenvironment domain settings ... 
Note: Overriding to set cell motility to 2D based on microenvironment domain settings ... 
1 * grad( chemokine )
Processing macrophage ... 
	Inheriting from type immune ... 
Note: setting cell definition to 2D based on microenvironment domain settings ... 
Note: Overriding to set cell motility to 2D based on microenvironment domain settings ... 
1 * grad( debris )
Processing neutrophil ... 
	Inheriting from type immune ... 
Note: setting cell definition to 2D based on microenvironment domain settings ... 
Note: Overriding to set cell motility to 2D based on microenvironment domain settings ... 
1 * grad( debris )
Processing DC ... 
	Inheriting from type immune ... 
Note: setting cell definition to 2D based on microenvironment domain settings ... 
Note: Overriding to set cell motility to 2D based on microenvironment domain settings ... 
1 * grad( chemokine )
Processing CD4 Tcell ... 
	Inheriting from type immune ... 
Note: setting cell definition to 2D based on microenvironment domain settings ... 
Note: Overriding to set cell motility to 2D based on microenvironment domain settings ... 
1 * grad( chemokine )
The following submodels are registered: 
=======================================
Submodel: CD8 Tcell model (Version 0.4.0)
	microenvironment variables: 
		virion
		VTEST
		interferon 1
		pro-inflammatory cytokine
		chemokine
	cell variables: 
	functions: 
		main: NULL
		phenotype: 4685216
		mechanics: 4721936

Submodel: macrophage model (Version 0.4.0)
	microenvironment variables: 
		virion
		VTEST
		interferon 1
		pro-inflammatory cytokine
		chemokine
	cell variables: 
	functions: 
		main: NULL
		phenotype: 4694848
		mechanics: 4723536

Submodel: neutrophil model (Version 0.4.0)
	microenvironment variables: 
		virion
		VTEST
		interferon 1
		pro-inflammatory cytokine
		chemokine
	cell variables: 
	functions: 
		main: NULL
		phenotype: 4687056
		mechanics: 4723424

Submodel: DC model (Version 0.4.0)
	microenvironment variables: 
		virion
		VTEST
		interferon 1
		pro-inflammatory cytokine
		chemokine
	cell variables: 
	functions: 
		main: NULL
		phenotype: 4691120
		mechanics: 4724112

Submodel: CD4 Tcell model (Version 0.4.0)
	microenvironment variables: 
		virion
		VTEST
		interferon 1
		pro-inflammatory cytokine
		chemokine
		virion
		VTEST
		interferon 1
		pro-inflammatory cytokine
		chemokine
	cell variables: 
	functions: 
		main: NULL
		phenotype: 4683264
		mechanics: 4724688

Submodel: receptor dynamics (Version 0.4.0)
	microenvironment variables: 
		virion
		interferon 1
		VTEST
	cell variables: 
		VAtthi
		VAttlo
		Bhi
		Blo
		VEn
	functions: 
		main: 4678512
		phenotype: NULL
		mechanics: NULL

Submodel: internal viral replication dynamics (Version 0.4.0)
	microenvironment variables: 
		virion
		interferon 1
	cell variables: 
		VEn
		Vnuc
	functions: 
		main: NULL
		phenotype: 4667680
		mechanics: NULL

Submodel: internal viral response (Version 0.4.0)
	microenvironment variables: 
		virion
		VTEST
		interferon 1
		pro-inflammatory cytokine
		debris
		chemokine
	cell variables: 
		r_max
		max_apoptosis_half_max
		apoptosis_hill_power
		infected_cell_chemokine_secretion_activated
		infected_cell_chemokine_secretion_rate
		activated_cytokine_secretion_rate
		VEn
		Vnuc
		VRel
	functions: 
		main: NULL
		phenotype: 4669712
		mechanics: NULL

Submodel: epithelium model (Version 0.4.0)
	microenvironment variables: 
		virion
		VTEST
		interferon 1
		pro-inflammatory cytokine
		chemokine
	cell variables: 
	functions: 
		main: NULL
		phenotype: 4730336
		mechanics: 4729584


0 :: type:0 name: default
	 cycle model: Flow cytometry model (separated) (code=6)
		Phase 0: G0/G1
		Phase 1: S
		Phase 2: G2
		Phase 3: M
		Cycle transitions: 
		-----------------
		G0/G1 --> S w mean duration inf min
		S --> G2 w mean duration 480.001 min
		G2 --> M w mean duration 240 min
		M --> G0/G1 w mean duration 59.9999 min
	 death models: 
		0 : Apoptosis (code=100) with rate 0 1/min
		death phase transitions: 
		------------------------
		Apoptotic --> Debris w mean duration 516.001 min
		1 : Necrosis (code=101) with rate 0 1/min
		death phase transitions: 
		------------------------
		Necrotic (swelling) --> Necrotic (lysed) w mean duration 1.11111e-010 min
		Necrotic (lysed) --> Debris w mean duration 86399.8 min
	 key functions: 
		 migration bias rule: false
		 custom rule: false
		 phenotype rule: false
		 volume update function: true
		 mechanics function: true
	motility (enabled: false in 2D)
		speed: 0 micron/min
		bias: 0.7 
		persistence time: 5 min
		chemotaxis (enabled: false)
			along 1 * grad(chemokine) 
	custom data: 
		generation: 3 dimensionless
		r_max: 0.0028 1/min
		max_apoptosis_half_max: 3000 virion
		apoptosis_hill_power: 1 none
		infected_cell_chemokine_secretion_rate: 0.06 1/min
		debris_secretion_rate: 0.06 1/min
		infected_cell_chemokine_secretion_activated: 0 none
		TCell_detection: 1 protein
		TCell_contact_time: 0 min
		cell_attachment_rate: 0 1/min
		cell_attachment_lifetime: 0 min
		TCell_contact_death_threshold: 50 min
		max_attachment_distance: 15 micron
		elastic_attachment_coefficient: 0.01 1/min
		time_to_next_phagocytosis: 0 min
		material_internalisation_rate: 60 micron/min
		threshold_macrophage_volume: 6500 micron
		threshold_neutrophil_volume: 1581 micron
		exhausted_macrophage_death_rate: 0.01 1/min
		ability_to_phagocytose_infected_cell: 0 dimensionless
		time_of_DC_departure: 0 min
		phagocytosis_rate: 0.167 1/min
		sensitivity_to_debris_chemotaxis: 1 dimensionless
		sensitivity_to_chemokine_chemotaxis: 10 dimensionless
		activated_speed: 0.4 micron/min
		activated_cytokine_secretion_rate: 0.1 1/min
		DC_leaving_not_dying: 0 dimensionless
		activated_immune_cell: 0 dimensionless
		antiviral_state: 0 dimensionless
		antiviral_state_timer: 0 min
		eclipse_time: 0 min
		displacement_stor: 0 simple pressure
		VEx: 0 virions
		VAtthi: 0 Virus attached to high-affinity receptors
		VAttlo: 0 virions
		Bhi: 0 sites
		Blo: 0 sites
		VEn: 0 virions
		Vnuc: 0 virions
		VRel: 0 virions
	custom vector data: 
			NOTE: custom vector data will eventually be merged with custom data
1 :: type:1 name: lung epithelium
	 cycle model: Flow cytometry model (separated) (code=6)
		Phase 0: G0/G1
		Phase 1: S
		Phase 2: G2
		Phase 3: M
		Cycle transitions: 
		-----------------
		G0/G1 --> S w mean duration inf min
		S --> G2 w mean duration 480.001 min
		G2 --> M w mean duration 240 min
		M --> G0/G1 w mean duration 59.9999 min
	 death models: 
		0 : Apoptosis (code=100) with rate 0 1/min
		death phase transitions: 
		------------------------
		Apoptotic --> Debris w mean duration 516.001 min
		1 : Necrosis (code=101) with rate 0 1/min
		death phase transitions: 
		------------------------
		Necrotic (swelling) --> Necrotic (lysed) w mean duration 1.11111e-010 min
		Necrotic (lysed) --> Debris w mean duration 86399.8 min
	 key functions: 
		 migration bias rule: false
		 custom rule: true
		 phenotype rule: true
		 volume update function: true
		 mechanics function: true
	motility (enabled: false in 2D)
		speed: 0 micron/min
		bias: 0 
		persistence time: 5 min
		chemotaxis (enabled: false)
			along 1 * grad(chemokine) 
	custom data: 
		generation: 3 dimensionless
		r_max: 0.0028 1/min
		max_apoptosis_half_max: 3000 virion
		apoptosis_hill_power: 1 none
		infected_cell_chemokine_secretion_rate: 0.06 1/min
		debris_secretion_rate: 0.06 1/min
		infected_cell_chemokine_secretion_activated: 0 none
		TCell_detection: 1 protein
		TCell_contact_time: 0 min
		cell_attachment_rate: 0 1/min
		cell_attachment_lifetime: 0 min
		TCell_contact_death_threshold: 50 min
		max_attachment_distance: 15 micron
		elastic_attachment_coefficient: 0.01 1/min
		time_to_next_phagocytosis: 0 min
		material_internalisation_rate: 60 micron/min
		threshold_macrophage_volume: 6500 micron
		threshold_neutrophil_volume: 1581 micron
		exhausted_macrophage_death_rate: 0.01 1/min
		ability_to_phagocytose_infected_cell: 0 dimensionless
		time_of_DC_departure: 0 min
		phagocytosis_rate: 0.167 1/min
		sensitivity_to_debris_chemotaxis: 1 dimensionless
		sensitivity_to_chemokine_chemotaxis: 10 dimensionless
		activated_speed: 0.4 micron/min
		activated_cytokine_secretion_rate: 0.1 1/min
		DC_leaving_not_dying: 0 dimensionless
		activated_immune_cell: 0 dimensionless
		antiviral_state: 0 dimensionless
		antiviral_state_timer: 0 min
		eclipse_time: 0 min
		displacement_stor: 0 simple pressure
		VEx: 0 virions
		VAtthi: 0 Virus attached to high-affinity receptors
		VAttlo: 0 virions
		Bhi: 0 sites
		Blo: 0 sites
		VEn: 0 virions
		Vnuc: 0 virions
		VRel: 0 virions
	custom vector data: 
			NOTE: custom vector data will eventually be merged with custom data
2 :: type:2 name: immune
	 cycle model: Flow cytometry model (separated) (code=6)
		Phase 0: G0/G1
		Phase 1: S
		Phase 2: G2
		Phase 3: M
		Cycle transitions: 
		-----------------
		G0/G1 --> S w mean duration inf min
		S --> G2 w mean duration 480.001 min
		G2 --> M w mean duration 240 min
		M --> G0/G1 w mean duration 59.9999 min
	 death models: 
		0 : Apoptosis (code=100) with rate 0.0005 1/min
		death phase transitions: 
		------------------------
		Apoptotic --> Debris w mean duration 516.001 min
		1 : Necrosis (code=101) with rate 0 1/min
		death phase transitions: 
		------------------------
		Necrotic (swelling) --> Necrotic (lysed) w mean duration 1.11111e-010 min
		Necrotic (lysed) --> Debris w mean duration 86399.8 min
	 key functions: 
		 migration bias rule: true
		 custom rule: false
		 phenotype rule: false
		 volume update function: true
		 mechanics function: true
	motility (enabled: true in 2D)
		speed: 4 micron/min
		bias: 0.7 
		persistence time: 5 min
		chemotaxis (enabled: true)
			along 1 * grad(chemokine) 
	custom data: 
		generation: 3 dimensionless
		r_max: 0.0028 1/min
		max_apoptosis_half_max: 3000 virion
		apoptosis_hill_power: 1 none
		infected_cell_chemokine_secretion_rate: 0.06 1/min
		debris_secretion_rate: 0.06 1/min
		infected_cell_chemokine_secretion_activated: 0 none
		TCell_detection: 1 protein
		TCell_contact_time: 0 min
		cell_attachment_rate: 0 1/min
		cell_attachment_lifetime: 0 min
		TCell_contact_death_threshold: 50 min
		max_attachment_distance: 15 micron
		elastic_attachment_coefficient: 0.01 1/min
		time_to_next_phagocytosis: 0 min
		material_internalisation_rate: 60 micron/min
		threshold_macrophage_volume: 6500 micron
		threshold_neutrophil_volume: 1581 micron
		exhausted_macrophage_death_rate: 0.01 1/min
		ability_to_phagocytose_infected_cell: 0 dimensionless
		time_of_DC_departure: 0 min
		phagocytosis_rate: 0.167 1/min
		sensitivity_to_debris_chemotaxis: 1 dimensionless
		sensitivity_to_chemokine_chemotaxis: 10 dimensionless
		activated_speed: 0.4 micron/min
		activated_cytokine_secretion_rate: 0.1 1/min
		DC_leaving_not_dying: 0 dimensionless
		activated_immune_cell: 0 dimensionless
		antiviral_state: 0 dimensionless
		antiviral_state_timer: 0 min
		eclipse_time: 0 min
		displacement_stor: 0 simple pressure
		VEx: 0 virions
		VAtthi: 0 Virus attached to high-affinity receptors
		VAttlo: 0 virions
		Bhi: 0 sites
		Blo: 0 sites
		VEn: 0 virions
		Vnuc: 0 virions
		VRel: 0 virions
	custom vector data: 
			NOTE: custom vector data will eventually be merged with custom data
3 :: type:3 name: CD8 Tcell
	 cycle model: Flow cytometry model (separated) (code=6)
		Phase 0: G0/G1
		Phase 1: S
		Phase 2: G2
		Phase 3: M
		Cycle transitions: 
		-----------------
		G0/G1 --> S w mean duration inf min
		S --> G2 w mean duration 480.001 min
		G2 --> M w mean duration 240 min
		M --> G0/G1 w mean duration 59.9999 min
	 death models: 
		0 : Apoptosis (code=100) with rate 0.00028 1/min
		death phase transitions: 
		------------------------
		Apoptotic --> Debris w mean duration 516.001 min
		1 : Necrosis (code=101) with rate 0 1/min
		death phase transitions: 
		------------------------
		Necrotic (swelling) --> Necrotic (lysed) w mean duration 1.11111e-010 min
		Necrotic (lysed) --> Debris w mean duration 86399.8 min
	 key functions: 
		 migration bias rule: true
		 custom rule: true
		 phenotype rule: true
		 volume update function: true
		 mechanics function: true
	motility (enabled: true in 2D)
		speed: 4 micron/min
		bias: 0.7 
		persistence time: 5 min
		chemotaxis (enabled: true)
			along 1 * grad(chemokine) 
	custom data: 
		generation: 3 dimensionless
		r_max: 0.0028 1/min
		max_apoptosis_half_max: 3000 virion
		apoptosis_hill_power: 1 none
		infected_cell_chemokine_secretion_rate: 0.06 1/min
		debris_secretion_rate: 0.06 1/min
		infected_cell_chemokine_secretion_activated: 0 none
		TCell_detection: 1 protein
		TCell_contact_time: 0 min
		cell_attachment_rate: 0.2 1/min
		cell_attachment_lifetime: 8.5 min
		TCell_contact_death_threshold: 50 min
		max_attachment_distance: 15 micron
		elastic_attachment_coefficient: 0.01 1/min
		time_to_next_phagocytosis: 0 min
		material_internalisation_rate: 60 micron/min
		threshold_macrophage_volume: 6500 micron
		threshold_neutrophil_volume: 1581 micron
		exhausted_macrophage_death_rate: 0.01 1/min
		ability_to_phagocytose_infected_cell: 0 dimensionless
		time_of_DC_departure: 0 min
		phagocytosis_rate: 0.167 1/min
		sensitivity_to_debris_chemotaxis: 1 dimensionless
		sensitivity_to_chemokine_chemotaxis: 10 dimensionless
		activated_speed: 0.4 micron/min
		activated_cytokine_secretion_rate: 0.1 1/min
		DC_leaving_not_dying: 0 dimensionless
		activated_immune_cell: 0 dimensionless
		antiviral_state: 0 dimensionless
		antiviral_state_timer: 0 min
		eclipse_time: 0 min
		displacement_stor: 0 simple pressure
		VEx: 0 virions
		VAtthi: 0 Virus attached to high-affinity receptors
		VAttlo: 0 virions
		Bhi: 0 sites
		Blo: 0 sites
		VEn: 0 virions
		Vnuc: 0 virions
		VRel: 0 virions
	custom vector data: 
			NOTE: custom vector data will eventually be merged with custom data
4 :: type:4 name: macrophage
	 cycle model: Flow cytometry model (separated) (code=6)
		Phase 0: G0/G1
		Phase 1: S
		Phase 2: G2
		Phase 3: M
		Cycle transitions: 
		-----------------
		G0/G1 --> S w mean duration inf min
		S --> G2 w mean duration 480.001 min
		G2 --> M w mean duration 240 min
		M --> G0/G1 w mean duration 59.9999 min
	 death models: 
		0 : Apoptosis (code=100) with rate 0.00021 1/min
		death phase transitions: 
		------------------------
		Apoptotic --> Debris w mean duration 516.001 min
		1 : Necrosis (code=101) with rate 0 1/min
		death phase transitions: 
		------------------------
		Necrotic (swelling) --> Necrotic (lysed) w mean duration 1.11111e-010 min
		Necrotic (lysed) --> Debris w mean duration 86399.8 min
	 key functions: 
		 migration bias rule: true
		 custom rule: true
		 phenotype rule: true
		 volume update function: true
		 mechanics function: true
	motility (enabled: true in 2D)
		speed: 4 micron/min
		bias: 0.7 
		persistence time: 5 min
		chemotaxis (enabled: false)
			along 1 * grad(debris) 
	custom data: 
		generation: 3 dimensionless
		r_max: 0.0028 1/min
		max_apoptosis_half_max: 3000 virion
		apoptosis_hill_power: 1 none
		infected_cell_chemokine_secretion_rate: 0.06 1/min
		debris_secretion_rate: 0.06 1/min
		infected_cell_chemokine_secretion_activated: 0 none
		TCell_detection: 1 protein
		TCell_contact_time: 0 min
		cell_attachment_rate: 0 1/min
		cell_attachment_lifetime: 0 min
		TCell_contact_death_threshold: 50 min
		max_attachment_distance: 15 micron
		elastic_attachment_coefficient: 0.01 1/min
		time_to_next_phagocytosis: 0 min
		material_internalisation_rate: 60 micron/min
		threshold_macrophage_volume: 6500 micron
		threshold_neutrophil_volume: 1581 micron
		exhausted_macrophage_death_rate: 0.01 1/min
		ability_to_phagocytose_infected_cell: 0 dimensionless
		time_of_DC_departure: 0 min
		phagocytosis_rate: 0.167 1/min
		sensitivity_to_debris_chemotaxis: 1 dimensionless
		sensitivity_to_chemokine_chemotaxis: 10 dimensionless
		activated_speed: 0.4 micron/min
		activated_cytokine_secretion_rate: 0.5 1/min
		DC_leaving_not_dying: 0 dimensionless
		activated_immune_cell: 0 dimensionless
		antiviral_state: 0 dimensionless
		antiviral_state_timer: 0 min
		eclipse_time: 0 min
		displacement_stor: 0 simple pressure
		VEx: 0 virions
		VAtthi: 0 Virus attached to high-affinity receptors
		VAttlo: 0 virions
		Bhi: 0 sites
		Blo: 0 sites
		VEn: 0 virions
		Vnuc: 0 virions
		VRel: 0 virions
	custom vector data: 
			NOTE: custom vector data will eventually be merged with custom data
5 :: type:5 name: neutrophil
	 cycle model: Flow cytometry model (separated) (code=6)
		Phase 0: G0/G1
		Phase 1: S
		Phase 2: G2
		Phase 3: M
		Cycle transitions: 
		-----------------
		G0/G1 --> S w mean duration inf min
		S --> G2 w mean duration 480.001 min
		G2 --> M w mean duration 240 min
		M --> G0/G1 w mean duration 59.9999 min
	 death models: 
		0 : Apoptosis (code=100) with rate 0.00089 1/min
		death phase transitions: 
		------------------------
		Apoptotic --> Debris w mean duration 516.001 min
		1 : Necrosis (code=101) with rate 0 1/min
		death phase transitions: 
		------------------------
		Necrotic (swelling) --> Necrotic (lysed) w mean duration 1.11111e-010 min
		Necrotic (lysed) --> Debris w mean duration 86399.8 min
	 key functions: 
		 migration bias rule: true
		 custom rule: true
		 phenotype rule: true
		 volume update function: true
		 mechanics function: true
	motility (enabled: true in 2D)
		speed: 19 micron/min
		bias: 0.91 
		persistence time: 5 min
		chemotaxis (enabled: false)
			along 1 * grad(debris) 
	custom data: 
		generation: 3 dimensionless
		r_max: 0.0028 1/min
		max_apoptosis_half_max: 3000 virion
		apoptosis_hill_power: 1 none
		infected_cell_chemokine_secretion_rate: 0.06 1/min
		debris_secretion_rate: 0.06 1/min
		infected_cell_chemokine_secretion_activated: 0 none
		TCell_detection: 1 protein
		TCell_contact_time: 0 min
		cell_attachment_rate: 0 1/min
		cell_attachment_lifetime: 0 min
		TCell_contact_death_threshold: 50 min
		max_attachment_distance: 15 micron
		elastic_attachment_coefficient: 0.01 1/min
		time_to_next_phagocytosis: 0 min
		material_internalisation_rate: 60 micron/min
		threshold_macrophage_volume: 6500 micron
		threshold_neutrophil_volume: 1581 micron
		exhausted_macrophage_death_rate: 0.01 1/min
		ability_to_phagocytose_infected_cell: 0 dimensionless
		time_of_DC_departure: 0 min
		phagocytosis_rate: 0.117 1/min
		sensitivity_to_debris_chemotaxis: 1 dimensionless
		sensitivity_to_chemokine_chemotaxis: 10 dimensionless
		activated_speed: 0.4 micron/min
		activated_cytokine_secretion_rate: 0 1/min
		DC_leaving_not_dying: 0 dimensionless
		activated_immune_cell: 0 dimensionless
		antiviral_state: 0 dimensionless
		antiviral_state_timer: 0 min
		eclipse_time: 0 min
		displacement_stor: 0 simple pressure
		VEx: 0 virions
		VAtthi: 0 Virus attached to high-affinity receptors
		VAttlo: 0 virions
		Bhi: 0 sites
		Blo: 0 sites
		VEn: 0 virions
		Vnuc: 0 virions
		VRel: 0 virions
	custom vector data: 
			NOTE: custom vector data will eventually be merged with custom data
6 :: type:6 name: DC
	 cycle model: Flow cytometry model (separated) (code=6)
		Phase 0: G0/G1
		Phase 1: S
		Phase 2: G2
		Phase 3: M
		Cycle transitions: 
		-----------------
		G0/G1 --> S w mean duration inf min
		S --> G2 w mean duration 480.001 min
		G2 --> M w mean duration 240 min
		M --> G0/G1 w mean duration 59.9999 min
	 death models: 
		0 : Apoptosis (code=100) with rate 0.0002407 1/min
		death phase transitions: 
		------------------------
		Apoptotic --> Debris w mean duration 516.001 min
		1 : Necrosis (code=101) with rate 0 1/min
		death phase transitions: 
		------------------------
		Necrotic (swelling) --> Necrotic (lysed) w mean duration 1.11111e-010 min
		Necrotic (lysed) --> Debris w mean duration 86399.8 min
	 key functions: 
		 migration bias rule: true
		 custom rule: true
		 phenotype rule: true
		 volume update function: true
		 mechanics function: true
	motility (enabled: true in 2D)
		speed: 2 micron/min
		bias: 0.4 
		persistence time: 5 min
		chemotaxis (enabled: false)
			along 1 * grad(chemokine) 
	custom data: 
		generation: 3 dimensionless
		r_max: 0.0028 1/min
		max_apoptosis_half_max: 3000 virion
		apoptosis_hill_power: 1 none
		infected_cell_chemokine_secretion_rate: 0.06 1/min
		debris_secretion_rate: 0.06 1/min
		infected_cell_chemokine_secretion_activated: 0 none
		TCell_detection: 1 protein
		TCell_contact_time: 0 min
		cell_attachment_rate: 0 1/min
		cell_attachment_lifetime: 0 min
		TCell_contact_death_threshold: 50 min
		max_attachment_distance: 15 micron
		elastic_attachment_coefficient: 0.01 1/min
		time_to_next_phagocytosis: 0 min
		material_internalisation_rate: 60 micron/min
		threshold_macrophage_volume: 6500 micron
		threshold_neutrophil_volume: 1581 micron
		exhausted_macrophage_death_rate: 0.01 1/min
		ability_to_phagocytose_infected_cell: 0 dimensionless
		time_of_DC_departure: 0 min
		phagocytosis_rate: 0.167 1/min
		sensitivity_to_debris_chemotaxis: 1 dimensionless
		sensitivity_to_chemokine_chemotaxis: 10 dimensionless
		activated_speed: 0.4 micron/min
		activated_cytokine_secretion_rate: 0.1 1/min
		DC_leaving_not_dying: 0 dimensionless
		activated_immune_cell: 0 dimensionless
		antiviral_state: 0 dimensionless
		antiviral_state_timer: 0 min
		eclipse_time: 0 min
		displacement_stor: 0 simple pressure
		VEx: 0 virions
		VAtthi: 0 Virus attached to high-affinity receptors
		VAttlo: 0 virions
		Bhi: 0 sites
		Blo: 0 sites
		VEn: 0 virions
		Vnuc: 0 virions
		VRel: 0 virions
	custom vector data: 
			NOTE: custom vector data will eventually be merged with custom data
7 :: type:7 name: CD4 Tcell
	 cycle model: Flow cytometry model (separated) (code=6)
		Phase 0: G0/G1
		Phase 1: S
		Phase 2: G2
		Phase 3: M
		Cycle transitions: 
		-----------------
		G0/G1 --> S w mean duration inf min
		S --> G2 w mean duration 480.001 min
		G2 --> M w mean duration 240 min
		M --> G0/G1 w mean duration 59.9999 min
	 death models: 
		0 : Apoptosis (code=100) with rate 0.00028 1/min
		death phase transitions: 
		------------------------
		Apoptotic --> Debris w mean duration 516.001 min
		1 : Necrosis (code=101) with rate 0 1/min
		death phase transitions: 
		------------------------
		Necrotic (swelling) --> Necrotic (lysed) w mean duration 1.11111e-010 min
		Necrotic (lysed) --> Debris w mean duration 86399.8 min
	 key functions: 
		 migration bias rule: true
		 custom rule: true
		 phenotype rule: true
		 volume update function: true
		 mechanics function: true
	motility (enabled: true in 2D)
		speed: 4 micron/min
		bias: 0.7 
		persistence time: 5 min
		chemotaxis (enabled: false)
			along 1 * grad(chemokine) 
	custom data: 
		generation: 3 dimensionless
		r_max: 0.0028 1/min
		max_apoptosis_half_max: 3000 virion
		apoptosis_hill_power: 1 none
		infected_cell_chemokine_secretion_rate: 0.06 1/min
		debris_secretion_rate: 0.06 1/min
		infected_cell_chemokine_secretion_activated: 0 none
		TCell_detection: 1 protein
		TCell_contact_time: 0 min
		cell_attachment_rate: 0 1/min
		cell_attachment_lifetime: 0 min
		TCell_contact_death_threshold: 50 min
		max_attachment_distance: 15 micron
		elastic_attachment_coefficient: 0.01 1/min
		time_to_next_phagocytosis: 0 min
		material_internalisation_rate: 60 micron/min
		threshold_macrophage_volume: 6500 micron
		threshold_neutrophil_volume: 1581 micron
		exhausted_macrophage_death_rate: 0.01 1/min
		ability_to_phagocytose_infected_cell: 0 dimensionless
		time_of_DC_departure: 0 min
		phagocytosis_rate: 0.167 1/min
		sensitivity_to_debris_chemotaxis: 1 dimensionless
		sensitivity_to_chemokine_chemotaxis: 10 dimensionless
		activated_speed: 0.4 micron/min
		activated_cytokine_secretion_rate: 0.1 1/min
		DC_leaving_not_dying: 0 dimensionless
		activated_immune_cell: 0 dimensionless
		antiviral_state: 0 dimensionless
		antiviral_state_timer: 0 min
		eclipse_time: 0 min
		displacement_stor: 0 simple pressure
		VEx: 0 virions
		VAtthi: 0 Virus attached to high-affinity receptors
		VAttlo: 0 virions
		Bhi: 0 sites
		Blo: 0 sites
		VEn: 0 virions
		Vnuc: 0 virions
		VRel: 0 virions
	custom vector data: 
			NOTE: custom vector data will eventually be merged with custom data
